---------------------------------------------------------------
[ 2019-06-28T08:55:05+08:00 ] 127.0.0.1 GET tp.com/south/public/index.php/index/index/index
[运行时间：0.822186s] [吞吐率：1.22req/s] [内存消耗：1,933.88kb] [文件加载：47]
[ info ] [ LANG ] D:\php\Apache24\htdocs\South\thinkphp\lang\zh-cn.php
[ info ] [ ROUTE ] array (
  'type' => 'module',
  'module' => 
  array (
    0 => 'index',
    1 => 'index',
    2 => 'index',
  ),
)
[ info ] [ HEADER ] array (
  'host' => 'tp.com',
  'connection' => 'keep-alive',
  'upgrade-insecure-requests' => '1',
  'user-agent' => 'Mozilla/5.0 (Windows NT 10.0; Win64; x64) AppleWebKit/537.36 (KHTML, like Gecko) Chrome/75.0.3770.100 Safari/537.36',
  'accept' => 'text/html,application/xhtml+xml,application/xml;q=0.9,image/webp,image/apng,*/*;q=0.8,application/signed-exchange;v=b3',
  'accept-encoding' => 'gzip, deflate',
  'accept-language' => 'zh-CN,zh;q=0.9',
)
[ info ] [ PARAM ] array (
)
[ info ] [ RUN ] app\index\controller\Index->index[ D:\php\Apache24\htdocs\South\application\index\controller\Index.php ]
[ info ] [ VIEW ] D:\php\Apache24\htdocs\South\public/../application/index\view\index\register.html [ array (
) ]
[ info ] [ LOG ] INIT File
---------------------------------------------------------------
[ 2019-06-28T08:55:05+08:00 ] 127.0.0.1 GET tp.com/south/public/index.php/index/index/static/js/jquery-2.2.0.js
[运行时间：0.099515s] [吞吐率：10.05req/s] [内存消耗：1,952.15kb] [文件加载：49]
[ info ] [ LANG ] D:\php\Apache24\htdocs\South\thinkphp\lang\zh-cn.php
[ info ] [ ROUTE ] array (
  'type' => 'module',
  'module' => 
  array (
    0 => 'index',
    1 => 'index',
    2 => 'static',
  ),
)
[ info ] [ HEADER ] array (
  'host' => 'tp.com',
  'connection' => 'keep-alive',
  'user-agent' => 'Mozilla/5.0 (Windows NT 10.0; Win64; x64) AppleWebKit/537.36 (KHTML, like Gecko) Chrome/75.0.3770.100 Safari/537.36',
  'accept' => '*/*',
  'referer' => 'http://tp.com/south/public/index.php/index/index/index',
  'accept-encoding' => 'gzip, deflate',
  'accept-language' => 'zh-CN,zh;q=0.9',
)
[ info ] [ PARAM ] array (
  'js' => 'jquery-2.2.0.js',
)
[ info ] [ LOG ] INIT File
---------------------------------------------------------------
[ 2019-06-28T08:55:55+08:00 ] 127.0.0.1 GET tp.com/south/public/index.php/index/index/index
[运行时间：0.061883s] [吞吐率：16.16req/s] [内存消耗：1,935.22kb] [文件加载：47]
[ info ] [ LANG ] D:\php\Apache24\htdocs\South\thinkphp\lang\zh-cn.php
[ info ] [ ROUTE ] array (
  'type' => 'module',
  'module' => 
  array (
    0 => 'index',
    1 => 'index',
    2 => 'index',
  ),
)
[ info ] [ HEADER ] array (
  'host' => 'tp.com',
  'connection' => 'keep-alive',
  'cache-control' => 'max-age=0',
  'upgrade-insecure-requests' => '1',
  'user-agent' => 'Mozilla/5.0 (Windows NT 10.0; Win64; x64) AppleWebKit/537.36 (KHTML, like Gecko) Chrome/75.0.3770.100 Safari/537.36',
  'accept' => 'text/html,application/xhtml+xml,application/xml;q=0.9,image/webp,image/apng,*/*;q=0.8,application/signed-exchange;v=b3',
  'accept-encoding' => 'gzip, deflate',
  'accept-language' => 'zh-CN,zh;q=0.9',
  'cookie' => 'thinkphp_show_page_trace=0|0',
)
[ info ] [ PARAM ] array (
)
[ info ] [ RUN ] app\index\controller\Index->index[ D:\php\Apache24\htdocs\South\application\index\controller\Index.php ]
[ info ] [ VIEW ] D:\php\Apache24\htdocs\South\public/../application/index\view\index\register.html [ array (
) ]
[ info ] [ LOG ] INIT File
---------------------------------------------------------------
[ 2019-06-28T08:55:55+08:00 ] 127.0.0.1 GET tp.com/south/public/index.php/index/index/static/js/jquery-2.2.0.js
[运行时间：0.062728s] [吞吐率：15.94req/s] [内存消耗：1,952.55kb] [文件加载：49]
[ info ] [ LANG ] D:\php\Apache24\htdocs\South\thinkphp\lang\zh-cn.php
[ info ] [ ROUTE ] array (
  'type' => 'module',
  'module' => 
  array (
    0 => 'index',
    1 => 'index',
    2 => 'static',
  ),
)
[ info ] [ HEADER ] array (
  'host' => 'tp.com',
  'connection' => 'keep-alive',
  'user-agent' => 'Mozilla/5.0 (Windows NT 10.0; Win64; x64) AppleWebKit/537.36 (KHTML, like Gecko) Chrome/75.0.3770.100 Safari/537.36',
  'accept' => '*/*',
  'referer' => 'http://tp.com/south/public/index.php/index/index/index',
  'accept-encoding' => 'gzip, deflate',
  'accept-language' => 'zh-CN,zh;q=0.9',
  'cookie' => 'thinkphp_show_page_trace=0|0',
)
[ info ] [ PARAM ] array (
  'js' => 'jquery-2.2.0.js',
)
[ info ] [ LOG ] INIT File
---------------------------------------------------------------
[ 2019-06-28T08:56:02+08:00 ] 127.0.0.1 GET tp.com/south/public/index.php/index/index/index
[运行时间：0.065881s] [吞吐率：15.18req/s] [内存消耗：1,935.22kb] [文件加载：47]
[ info ] [ LANG ] D:\php\Apache24\htdocs\South\thinkphp\lang\zh-cn.php
[ info ] [ ROUTE ] array (
  'type' => 'module',
  'module' => 
  array (
    0 => 'index',
    1 => 'index',
    2 => 'index',
  ),
)
[ info ] [ HEADER ] array (
  'host' => 'tp.com',
  'connection' => 'keep-alive',
  'cache-control' => 'max-age=0',
  'upgrade-insecure-requests' => '1',
  'user-agent' => 'Mozilla/5.0 (Linux; Android 6.0; Nexus 5 Build/MRA58N) AppleWebKit/537.36 (KHTML, like Gecko) Chrome/75.0.3770.100 Mobile Safari/537.36',
  'accept' => 'text/html,application/xhtml+xml,application/xml;q=0.9,image/webp,image/apng,*/*;q=0.8,application/signed-exchange;v=b3',
  'accept-encoding' => 'gzip, deflate',
  'accept-language' => 'zh-CN,zh;q=0.9',
  'cookie' => 'thinkphp_show_page_trace=0|0',
)
[ info ] [ PARAM ] array (
)
[ info ] [ RUN ] app\index\controller\Index->index[ D:\php\Apache24\htdocs\South\application\index\controller\Index.php ]
[ info ] [ VIEW ] D:\php\Apache24\htdocs\South\public/../application/index\view\index\register.html [ array (
) ]
[ info ] [ LOG ] INIT File
---------------------------------------------------------------
[ 2019-06-28T08:56:02+08:00 ] 127.0.0.1 GET tp.com/south/public/index.php/index/index/static/js/jquery-2.2.0.js
[运行时间：0.067572s] [吞吐率：14.80req/s] [内存消耗：1,952.67kb] [文件加载：49]
[ info ] [ LANG ] D:\php\Apache24\htdocs\South\thinkphp\lang\zh-cn.php
[ info ] [ ROUTE ] array (
  'type' => 'module',
  'module' => 
  array (
    0 => 'index',
    1 => 'index',
    2 => 'static',
  ),
)
[ info ] [ HEADER ] array (
  'host' => 'tp.com',
  'connection' => 'keep-alive',
  'user-agent' => 'Mozilla/5.0 (Linux; Android 6.0; Nexus 5 Build/MRA58N) AppleWebKit/537.36 (KHTML, like Gecko) Chrome/75.0.3770.100 Mobile Safari/537.36',
  'accept' => '*/*',
  'referer' => 'http://tp.com/south/public/index.php/index/index/index',
  'accept-encoding' => 'gzip, deflate',
  'accept-language' => 'zh-CN,zh;q=0.9',
  'cookie' => 'thinkphp_show_page_trace=0|0',
)
[ info ] [ PARAM ] array (
  'js' => 'jquery-2.2.0.js',
)
[ info ] [ LOG ] INIT File
---------------------------------------------------------------
[ 2019-06-28T08:56:03+08:00 ] 127.0.0.1 GET tp.com/south/public/index.php/index/index/index
[运行时间：0.059221s] [吞吐率：16.89req/s] [内存消耗：1,935.22kb] [文件加载：47]
[ info ] [ LANG ] D:\php\Apache24\htdocs\South\thinkphp\lang\zh-cn.php
[ info ] [ ROUTE ] array (
  'type' => 'module',
  'module' => 
  array (
    0 => 'index',
    1 => 'index',
    2 => 'index',
  ),
)
[ info ] [ HEADER ] array (
  'host' => 'tp.com',
  'connection' => 'keep-alive',
  'cache-control' => 'max-age=0',
  'upgrade-insecure-requests' => '1',
  'user-agent' => 'Mozilla/5.0 (Linux; Android 6.0; Nexus 5 Build/MRA58N) AppleWebKit/537.36 (KHTML, like Gecko) Chrome/75.0.3770.100 Mobile Safari/537.36',
  'accept' => 'text/html,application/xhtml+xml,application/xml;q=0.9,image/webp,image/apng,*/*;q=0.8,application/signed-exchange;v=b3',
  'accept-encoding' => 'gzip, deflate',
  'accept-language' => 'zh-CN,zh;q=0.9',
  'cookie' => 'thinkphp_show_page_trace=0|0',
)
[ info ] [ PARAM ] array (
)
[ info ] [ RUN ] app\index\controller\Index->index[ D:\php\Apache24\htdocs\South\application\index\controller\Index.php ]
[ info ] [ VIEW ] D:\php\Apache24\htdocs\South\public/../application/index\view\index\register.html [ array (
) ]
[ info ] [ LOG ] INIT File
---------------------------------------------------------------
[ 2019-06-28T08:56:03+08:00 ] 127.0.0.1 GET tp.com/south/public/index.php/index/index/static/js/jquery-2.2.0.js
[运行时间：0.068711s] [吞吐率：14.55req/s] [内存消耗：1,952.67kb] [文件加载：49]
[ info ] [ LANG ] D:\php\Apache24\htdocs\South\thinkphp\lang\zh-cn.php
[ info ] [ ROUTE ] array (
  'type' => 'module',
  'module' => 
  array (
    0 => 'index',
    1 => 'index',
    2 => 'static',
  ),
)
[ info ] [ HEADER ] array (
  'host' => 'tp.com',
  'connection' => 'keep-alive',
  'user-agent' => 'Mozilla/5.0 (Linux; Android 6.0; Nexus 5 Build/MRA58N) AppleWebKit/537.36 (KHTML, like Gecko) Chrome/75.0.3770.100 Mobile Safari/537.36',
  'accept' => '*/*',
  'referer' => 'http://tp.com/south/public/index.php/index/index/index',
  'accept-encoding' => 'gzip, deflate',
  'accept-language' => 'zh-CN,zh;q=0.9',
  'cookie' => 'thinkphp_show_page_trace=0|0',
)
[ info ] [ PARAM ] array (
  'js' => 'jquery-2.2.0.js',
)
[ info ] [ LOG ] INIT File
---------------------------------------------------------------
[ 2019-06-28T08:56:03+08:00 ] 127.0.0.1 GET tp.com/south/public/index.php/index/index/index
[运行时间：0.055382s] [吞吐率：18.06req/s] [内存消耗：1,935.22kb] [文件加载：47]
[ info ] [ LANG ] D:\php\Apache24\htdocs\South\thinkphp\lang\zh-cn.php
[ info ] [ ROUTE ] array (
  'type' => 'module',
  'module' => 
  array (
    0 => 'index',
    1 => 'index',
    2 => 'index',
  ),
)
[ info ] [ HEADER ] array (
  'host' => 'tp.com',
  'connection' => 'keep-alive',
  'cache-control' => 'max-age=0',
  'upgrade-insecure-requests' => '1',
  'user-agent' => 'Mozilla/5.0 (Linux; Android 6.0; Nexus 5 Build/MRA58N) AppleWebKit/537.36 (KHTML, like Gecko) Chrome/75.0.3770.100 Mobile Safari/537.36',
  'accept' => 'text/html,application/xhtml+xml,application/xml;q=0.9,image/webp,image/apng,*/*;q=0.8,application/signed-exchange;v=b3',
  'accept-encoding' => 'gzip, deflate',
  'accept-language' => 'zh-CN,zh;q=0.9',
  'cookie' => 'thinkphp_show_page_trace=0|0',
)
[ info ] [ PARAM ] array (
)
[ info ] [ RUN ] app\index\controller\Index->index[ D:\php\Apache24\htdocs\South\application\index\controller\Index.php ]
[ info ] [ VIEW ] D:\php\Apache24\htdocs\South\public/../application/index\view\index\register.html [ array (
) ]
[ info ] [ LOG ] INIT File
---------------------------------------------------------------
[ 2019-06-28T08:56:03+08:00 ] 127.0.0.1 GET tp.com/south/public/index.php/index/index/static/js/jquery-2.2.0.js
[运行时间：0.067876s] [吞吐率：14.73req/s] [内存消耗：1,952.67kb] [文件加载：49]
[ info ] [ LANG ] D:\php\Apache24\htdocs\South\thinkphp\lang\zh-cn.php
[ info ] [ ROUTE ] array (
  'type' => 'module',
  'module' => 
  array (
    0 => 'index',
    1 => 'index',
    2 => 'static',
  ),
)
[ info ] [ HEADER ] array (
  'host' => 'tp.com',
  'connection' => 'keep-alive',
  'user-agent' => 'Mozilla/5.0 (Linux; Android 6.0; Nexus 5 Build/MRA58N) AppleWebKit/537.36 (KHTML, like Gecko) Chrome/75.0.3770.100 Mobile Safari/537.36',
  'accept' => '*/*',
  'referer' => 'http://tp.com/south/public/index.php/index/index/index',
  'accept-encoding' => 'gzip, deflate',
  'accept-language' => 'zh-CN,zh;q=0.9',
  'cookie' => 'thinkphp_show_page_trace=0|0',
)
[ info ] [ PARAM ] array (
  'js' => 'jquery-2.2.0.js',
)
[ info ] [ LOG ] INIT File
---------------------------------------------------------------
[ 2019-06-28T08:56:03+08:00 ] 127.0.0.1 GET tp.com/south/public/index.php/index/index/index
[运行时间：0.059061s] [吞吐率：16.93req/s] [内存消耗：1,935.22kb] [文件加载：47]
[ info ] [ LANG ] D:\php\Apache24\htdocs\South\thinkphp\lang\zh-cn.php
[ info ] [ ROUTE ] array (
  'type' => 'module',
  'module' => 
  array (
    0 => 'index',
    1 => 'index',
    2 => 'index',
  ),
)
[ info ] [ HEADER ] array (
  'host' => 'tp.com',
  'connection' => 'keep-alive',
  'cache-control' => 'max-age=0',
  'upgrade-insecure-requests' => '1',
  'user-agent' => 'Mozilla/5.0 (Linux; Android 6.0; Nexus 5 Build/MRA58N) AppleWebKit/537.36 (KHTML, like Gecko) Chrome/75.0.3770.100 Mobile Safari/537.36',
  'accept' => 'text/html,application/xhtml+xml,application/xml;q=0.9,image/webp,image/apng,*/*;q=0.8,application/signed-exchange;v=b3',
  'accept-encoding' => 'gzip, deflate',
  'accept-language' => 'zh-CN,zh;q=0.9',
  'cookie' => 'thinkphp_show_page_trace=0|0',
)
[ info ] [ PARAM ] array (
)
[ info ] [ RUN ] app\index\controller\Index->index[ D:\php\Apache24\htdocs\South\application\index\controller\Index.php ]
[ info ] [ VIEW ] D:\php\Apache24\htdocs\South\public/../application/index\view\index\register.html [ array (
) ]
[ info ] [ LOG ] INIT File
---------------------------------------------------------------
[ 2019-06-28T08:56:03+08:00 ] 127.0.0.1 GET tp.com/south/public/index.php/index/index/static/js/jquery-2.2.0.js
[运行时间：0.066527s] [吞吐率：15.03req/s] [内存消耗：1,952.67kb] [文件加载：49]
[ info ] [ LANG ] D:\php\Apache24\htdocs\South\thinkphp\lang\zh-cn.php
[ info ] [ ROUTE ] array (
  'type' => 'module',
  'module' => 
  array (
    0 => 'index',
    1 => 'index',
    2 => 'static',
  ),
)
[ info ] [ HEADER ] array (
  'host' => 'tp.com',
  'connection' => 'keep-alive',
  'user-agent' => 'Mozilla/5.0 (Linux; Android 6.0; Nexus 5 Build/MRA58N) AppleWebKit/537.36 (KHTML, like Gecko) Chrome/75.0.3770.100 Mobile Safari/537.36',
  'accept' => '*/*',
  'referer' => 'http://tp.com/south/public/index.php/index/index/index',
  'accept-encoding' => 'gzip, deflate',
  'accept-language' => 'zh-CN,zh;q=0.9',
  'cookie' => 'thinkphp_show_page_trace=0|0',
)
[ info ] [ PARAM ] array (
  'js' => 'jquery-2.2.0.js',
)
[ info ] [ LOG ] INIT File
---------------------------------------------------------------
[ 2019-06-28T08:56:03+08:00 ] 127.0.0.1 GET tp.com/south/public/index.php/index/index/index
[运行时间：0.059207s] [吞吐率：16.89req/s] [内存消耗：1,935.22kb] [文件加载：47]
[ info ] [ LANG ] D:\php\Apache24\htdocs\South\thinkphp\lang\zh-cn.php
[ info ] [ ROUTE ] array (
  'type' => 'module',
  'module' => 
  array (
    0 => 'index',
    1 => 'index',
    2 => 'index',
  ),
)
[ info ] [ HEADER ] array (
  'host' => 'tp.com',
  'connection' => 'keep-alive',
  'cache-control' => 'max-age=0',
  'upgrade-insecure-requests' => '1',
  'user-agent' => 'Mozilla/5.0 (Linux; Android 6.0; Nexus 5 Build/MRA58N) AppleWebKit/537.36 (KHTML, like Gecko) Chrome/75.0.3770.100 Mobile Safari/537.36',
  'accept' => 'text/html,application/xhtml+xml,application/xml;q=0.9,image/webp,image/apng,*/*;q=0.8,application/signed-exchange;v=b3',
  'accept-encoding' => 'gzip, deflate',
  'accept-language' => 'zh-CN,zh;q=0.9',
  'cookie' => 'thinkphp_show_page_trace=0|0',
)
[ info ] [ PARAM ] array (
)
[ info ] [ RUN ] app\index\controller\Index->index[ D:\php\Apache24\htdocs\South\application\index\controller\Index.php ]
[ info ] [ VIEW ] D:\php\Apache24\htdocs\South\public/../application/index\view\index\register.html [ array (
) ]
[ info ] [ LOG ] INIT File
---------------------------------------------------------------
[ 2019-06-28T08:56:03+08:00 ] 127.0.0.1 GET tp.com/south/public/index.php/index/index/static/js/jquery-2.2.0.js
[运行时间：0.068975s] [吞吐率：14.50req/s] [内存消耗：1,952.67kb] [文件加载：49]
[ info ] [ LANG ] D:\php\Apache24\htdocs\South\thinkphp\lang\zh-cn.php
[ info ] [ ROUTE ] array (
  'type' => 'module',
  'module' => 
  array (
    0 => 'index',
    1 => 'index',
    2 => 'static',
  ),
)
[ info ] [ HEADER ] array (
  'host' => 'tp.com',
  'connection' => 'keep-alive',
  'user-agent' => 'Mozilla/5.0 (Linux; Android 6.0; Nexus 5 Build/MRA58N) AppleWebKit/537.36 (KHTML, like Gecko) Chrome/75.0.3770.100 Mobile Safari/537.36',
  'accept' => '*/*',
  'referer' => 'http://tp.com/south/public/index.php/index/index/index',
  'accept-encoding' => 'gzip, deflate',
  'accept-language' => 'zh-CN,zh;q=0.9',
  'cookie' => 'thinkphp_show_page_trace=0|0',
)
[ info ] [ PARAM ] array (
  'js' => 'jquery-2.2.0.js',
)
[ info ] [ LOG ] INIT File
---------------------------------------------------------------
[ 2019-06-28T08:56:07+08:00 ] 127.0.0.1 GET tp.com/south/public/index.php/index/index/index
[运行时间：0.063428s] [吞吐率：15.77req/s] [内存消耗：1,935.22kb] [文件加载：47]
[ info ] [ LANG ] D:\php\Apache24\htdocs\South\thinkphp\lang\zh-cn.php
[ info ] [ ROUTE ] array (
  'type' => 'module',
  'module' => 
  array (
    0 => 'index',
    1 => 'index',
    2 => 'index',
  ),
)
[ info ] [ HEADER ] array (
  'host' => 'tp.com',
  'connection' => 'keep-alive',
  'cache-control' => 'max-age=0',
  'upgrade-insecure-requests' => '1',
  'user-agent' => 'Mozilla/5.0 (Linux; Android 6.0; Nexus 5 Build/MRA58N) AppleWebKit/537.36 (KHTML, like Gecko) Chrome/75.0.3770.100 Mobile Safari/537.36',
  'accept' => 'text/html,application/xhtml+xml,application/xml;q=0.9,image/webp,image/apng,*/*;q=0.8,application/signed-exchange;v=b3',
  'accept-encoding' => 'gzip, deflate',
  'accept-language' => 'zh-CN,zh;q=0.9',
  'cookie' => 'thinkphp_show_page_trace=0|0',
)
[ info ] [ PARAM ] array (
)
[ info ] [ RUN ] app\index\controller\Index->index[ D:\php\Apache24\htdocs\South\application\index\controller\Index.php ]
[ info ] [ VIEW ] D:\php\Apache24\htdocs\South\public/../application/index\view\index\register.html [ array (
) ]
[ info ] [ LOG ] INIT File
---------------------------------------------------------------
[ 2019-06-28T08:56:07+08:00 ] 127.0.0.1 GET tp.com/south/public/index.php/index/index/static/js/jquery-2.2.0.js
[运行时间：0.070686s] [吞吐率：14.15req/s] [内存消耗：1,952.67kb] [文件加载：49]
[ info ] [ LANG ] D:\php\Apache24\htdocs\South\thinkphp\lang\zh-cn.php
[ info ] [ ROUTE ] array (
  'type' => 'module',
  'module' => 
  array (
    0 => 'index',
    1 => 'index',
    2 => 'static',
  ),
)
[ info ] [ HEADER ] array (
  'host' => 'tp.com',
  'connection' => 'keep-alive',
  'user-agent' => 'Mozilla/5.0 (Linux; Android 6.0; Nexus 5 Build/MRA58N) AppleWebKit/537.36 (KHTML, like Gecko) Chrome/75.0.3770.100 Mobile Safari/537.36',
  'accept' => '*/*',
  'referer' => 'http://tp.com/south/public/index.php/index/index/index',
  'accept-encoding' => 'gzip, deflate',
  'accept-language' => 'zh-CN,zh;q=0.9',
  'cookie' => 'thinkphp_show_page_trace=0|0',
)
[ info ] [ PARAM ] array (
  'js' => 'jquery-2.2.0.js',
)
[ info ] [ LOG ] INIT File
---------------------------------------------------------------
[ 2019-06-28T08:56:27+08:00 ] 127.0.0.1 GET tp.com/south/public/index.php
[运行时间：0.063217s] [吞吐率：15.82req/s] [内存消耗：1,932.12kb] [文件加载：47]
[ info ] [ LANG ] D:\php\Apache24\htdocs\South\thinkphp\lang\zh-cn.php
[ info ] [ ROUTE ] array (
  'type' => 'module',
  'module' => 
  array (
    0 => '',
    1 => NULL,
    2 => NULL,
  ),
)
[ info ] [ HEADER ] array (
  'host' => 'tp.com',
  'connection' => 'keep-alive',
  'upgrade-insecure-requests' => '1',
  'user-agent' => 'Mozilla/5.0 (Linux; Android 6.0; Nexus 5 Build/MRA58N) AppleWebKit/537.36 (KHTML, like Gecko) Chrome/75.0.3770.100 Mobile Safari/537.36',
  'accept' => 'text/html,application/xhtml+xml,application/xml;q=0.9,image/webp,image/apng,*/*;q=0.8,application/signed-exchange;v=b3',
  'accept-encoding' => 'gzip, deflate',
  'accept-language' => 'zh-CN,zh;q=0.9',
)
[ info ] [ PARAM ] array (
)
[ info ] [ RUN ] app\index\controller\Index->index[ D:\php\Apache24\htdocs\South\application\index\controller\Index.php ]
[ info ] [ VIEW ] D:\php\Apache24\htdocs\South\public/../application/index\view\index\register.html [ array (
) ]
[ info ] [ LOG ] INIT File
---------------------------------------------------------------
[ 2019-06-28T08:56:51+08:00 ] 127.0.0.1 GET tp.com/south/public/index.php/index/index/ucpaastest?yzmtel=15973566093
[运行时间：1.113852s] [吞吐率：0.90req/s] [内存消耗：1,960.16kb] [文件加载：47]
[ info ] [ LANG ] D:\php\Apache24\htdocs\South\thinkphp\lang\zh-cn.php
[ info ] [ ROUTE ] array (
  'type' => 'module',
  'module' => 
  array (
    0 => 'index',
    1 => 'index',
    2 => 'ucpaastest',
  ),
)
[ info ] [ HEADER ] array (
  'host' => 'tp.com',
  'connection' => 'keep-alive',
  'user-agent' => 'Mozilla/5.0 (Windows NT 10.0; Win64; x64) AppleWebKit/537.36 (KHTML, like Gecko) Chrome/75.0.3770.100 Safari/537.36',
  'accept' => '*/*',
  'referer' => 'http://tp.com/south/public/index.php',
  'accept-encoding' => 'gzip, deflate',
  'accept-language' => 'zh-CN,zh;q=0.9',
  'cookie' => 'thinkphp_show_page_trace=0|0; thinkphp_show_page_trace=0|0',
)
[ info ] [ PARAM ] array (
  'yzmtel' => '15973566093',
)
[ info ] [ RUN ] app\index\controller\Index->ucpaastest[ D:\php\Apache24\htdocs\South\application\index\controller\Index.php ]
[ info ] [ SESSION ] INIT array (
  'id' => '',
  'var_session_id' => '',
  'prefix' => 'think',
  'type' => '',
  'auto_start' => true,
)
[ info ] [ LOG ] INIT File
[ log ] array (
  0 => 1,
  1 => 2,
  2 => 3,
)
[ log ] array (
  0 => 1,
  1 => 2,
)
[ log ] array (
  0 => 3,
  1 => 4,
)
[ log ] array (
  0 => 5,
  1 => 6,
)
[ log ] array (
  0 => 7,
  1 => 8,
)
[ log ] array (
  0 => 9,
  1 => 10,
)
---------------------------------------------------------------
[ 2019-06-28T08:57:15+08:00 ] 127.0.0.1 POST tp.com/south/public/index.php/index/index/login
[运行时间：0.158453s] [吞吐率：6.31req/s] [内存消耗：2,005.23kb] [文件加载：49]
[ info ] [ LANG ] D:\php\Apache24\htdocs\South\thinkphp\lang\zh-cn.php
[ info ] [ ROUTE ] array (
  'type' => 'module',
  'module' => 
  array (
    0 => 'index',
    1 => 'index',
    2 => 'login',
  ),
)
[ info ] [ HEADER ] array (
  'host' => 'tp.com',
  'connection' => 'keep-alive',
  'content-length' => '44',
  'cache-control' => 'max-age=0',
  'origin' => 'http://tp.com',
  'upgrade-insecure-requests' => '1',
  'content-type' => 'application/x-www-form-urlencoded',
  'user-agent' => 'Mozilla/5.0 (Windows NT 10.0; Win64; x64) AppleWebKit/537.36 (KHTML, like Gecko) Chrome/75.0.3770.100 Safari/537.36',
  'accept' => 'text/html,application/xhtml+xml,application/xml;q=0.9,image/webp,image/apng,*/*;q=0.8,application/signed-exchange;v=b3',
  'referer' => 'http://tp.com/south/public/index.php',
  'accept-encoding' => 'gzip, deflate',
  'accept-language' => 'zh-CN,zh;q=0.9',
  'cookie' => 'thinkphp_show_page_trace=0|0; thinkphp_show_page_trace=0|0; PHPSESSID=4nv984dj8u9m0gpo0tm9ppevls',
)
[ info ] [ PARAM ] array (
  'username' => 'admin',
  'yzmtel' => '15973566093',
  'yzm' => '627158',
)
[ info ] [ RUN ] app\index\controller\Index->login[ D:\php\Apache24\htdocs\South\application\index\controller\Index.php ]
[ info ] [ SESSION ] INIT array (
  'id' => '',
  'var_session_id' => '',
  'prefix' => 'think',
  'type' => '',
  'auto_start' => true,
)
[ info ] [ VIEW ] D:\php\Apache24\htdocs\South\thinkphp\tpl\dispatch_jump.tpl [ array (
  0 => 'code',
  1 => 'msg',
  2 => 'data',
  3 => 'url',
  4 => 'wait',
) ]
[ info ] [ LOG ] INIT File
---------------------------------------------------------------
[ 2019-06-28T09:00:18+08:00 ] 127.0.0.1 GET tp.com/south/public/index.php
[运行时间：0.134251s] [吞吐率：7.45req/s] [内存消耗：2,121.44kb] [文件加载：53]
[ info ] [ LANG ] D:\php\Apache24\htdocs\South\thinkphp\lang\zh-cn.php
[ info ] [ ROUTE ] array (
  'type' => 'module',
  'module' => 
  array (
    0 => '',
    1 => NULL,
    2 => NULL,
  ),
)
[ info ] [ HEADER ] array (
  'host' => 'tp.com',
  'connection' => 'keep-alive',
  'cache-control' => 'max-age=0',
  'upgrade-insecure-requests' => '1',
  'user-agent' => 'Mozilla/5.0 (Windows NT 10.0; Win64; x64) AppleWebKit/537.36 (KHTML, like Gecko) Chrome/75.0.3770.100 Safari/537.36',
  'accept' => 'text/html,application/xhtml+xml,application/xml;q=0.9,image/webp,image/apng,*/*;q=0.8,application/signed-exchange;v=b3',
  'accept-encoding' => 'gzip, deflate',
  'accept-language' => 'zh-CN,zh;q=0.9',
  'cookie' => 'thinkphp_show_page_trace=0|0; PHPSESSID=4nv984dj8u9m0gpo0tm9ppevls',
)
[ info ] [ PARAM ] array (
)
[ info ] [ RUN ] app\index\controller\Index->index[ D:\php\Apache24\htdocs\South\application\index\controller\Index.php ]
[ info ] [ VIEW ] D:\php\Apache24\htdocs\South\public/../application/index\view\index\register.html [ array (
) ]
[ info ] [ LOG ] INIT File
[ error ] [8]Use of undefined constant captcha_img - assumed 'captcha_img'[D:\php\Apache24\htdocs\South\runtime\temp\143d26d5571a9a75067eaa59056d629a.php:86]
---------------------------------------------------------------
[ 2019-06-28T09:00:25+08:00 ] 127.0.0.1 GET tp.com/south/public/index.php
[运行时间：0.107411s] [吞吐率：9.31req/s] [内存消耗：2,162.76kb] [文件加载：50]
[ info ] [ LANG ] D:\php\Apache24\htdocs\South\thinkphp\lang\zh-cn.php
[ info ] [ ROUTE ] array (
  'type' => 'module',
  'module' => 
  array (
    0 => '',
    1 => NULL,
    2 => NULL,
  ),
)
[ info ] [ HEADER ] array (
  'host' => 'tp.com',
  'connection' => 'keep-alive',
  'cache-control' => 'max-age=0',
  'upgrade-insecure-requests' => '1',
  'user-agent' => 'Mozilla/5.0 (Windows NT 10.0; Win64; x64) AppleWebKit/537.36 (KHTML, like Gecko) Chrome/75.0.3770.100 Safari/537.36',
  'accept' => 'text/html,application/xhtml+xml,application/xml;q=0.9,image/webp,image/apng,*/*;q=0.8,application/signed-exchange;v=b3',
  'accept-encoding' => 'gzip, deflate',
  'accept-language' => 'zh-CN,zh;q=0.9',
  'cookie' => 'thinkphp_show_page_trace=0|0; PHPSESSID=4nv984dj8u9m0gpo0tm9ppevls',
)
[ info ] [ PARAM ] array (
)
[ info ] [ RUN ] app\index\controller\Index->index[ D:\php\Apache24\htdocs\South\application\index\controller\Index.php ]
[ info ] [ VIEW ] D:\php\Apache24\htdocs\South\public/../application/index\view\index\register.html [ array (
) ]
[ info ] [ LOG ] INIT File
---------------------------------------------------------------
[ 2019-06-28T09:00:25+08:00 ] 127.0.0.1 GET tp.com/south/public/index.php/captcha.html
[运行时间：0.160829s] [吞吐率：6.22req/s] [内存消耗：1,584.52kb] [文件加载：36]
[ info ] [ LANG ] D:\php\Apache24\htdocs\South\thinkphp\lang\zh-cn.php
[ info ] [ ROUTE ] array (
  'type' => 'method',
  'method' => 
  array (
    0 => '\\think\\captcha\\CaptchaController',
    1 => 'index',
  ),
  'var' => 
  array (
  ),
)
[ info ] [ HEADER ] array (
  'host' => 'tp.com',
  'connection' => 'keep-alive',
  'user-agent' => 'Mozilla/5.0 (Windows NT 10.0; Win64; x64) AppleWebKit/537.36 (KHTML, like Gecko) Chrome/75.0.3770.100 Safari/537.36',
  'accept' => 'image/webp,image/apng,image/*,*/*;q=0.8',
  'referer' => 'http://tp.com/south/public/index.php',
  'accept-encoding' => 'gzip, deflate',
  'accept-language' => 'zh-CN,zh;q=0.9',
  'cookie' => 'thinkphp_show_page_trace=0|0; PHPSESSID=4nv984dj8u9m0gpo0tm9ppevls',
)
[ info ] [ PARAM ] array (
  'id' => NULL,
)
[ info ] [ RUN ] think\captcha\CaptchaController->index[ D:\php\Apache24\htdocs\South\vendor\topthink\think-captcha\src\CaptchaController.php ]
[ info ] [ SESSION ] INIT array (
  'id' => '',
  'var_session_id' => '',
  'prefix' => 'think',
  'type' => '',
  'auto_start' => true,
)
[ info ] [ LOG ] INIT File
---------------------------------------------------------------
[ 2019-06-28T09:00:48+08:00 ] 127.0.0.1 GET tp.com/south/public/index.php
[运行时间：0.065362s] [吞吐率：15.30req/s] [内存消耗：2,162.76kb] [文件加载：50]
[ info ] [ LANG ] D:\php\Apache24\htdocs\South\thinkphp\lang\zh-cn.php
[ info ] [ ROUTE ] array (
  'type' => 'module',
  'module' => 
  array (
    0 => '',
    1 => NULL,
    2 => NULL,
  ),
)
[ info ] [ HEADER ] array (
  'host' => 'tp.com',
  'connection' => 'keep-alive',
  'cache-control' => 'max-age=0',
  'upgrade-insecure-requests' => '1',
  'user-agent' => 'Mozilla/5.0 (Windows NT 10.0; Win64; x64) AppleWebKit/537.36 (KHTML, like Gecko) Chrome/75.0.3770.100 Safari/537.36',
  'accept' => 'text/html,application/xhtml+xml,application/xml;q=0.9,image/webp,image/apng,*/*;q=0.8,application/signed-exchange;v=b3',
  'accept-encoding' => 'gzip, deflate',
  'accept-language' => 'zh-CN,zh;q=0.9',
  'cookie' => 'thinkphp_show_page_trace=0|0; PHPSESSID=4nv984dj8u9m0gpo0tm9ppevls',
)
[ info ] [ PARAM ] array (
)
[ info ] [ RUN ] app\index\controller\Index->index[ D:\php\Apache24\htdocs\South\application\index\controller\Index.php ]
[ info ] [ VIEW ] D:\php\Apache24\htdocs\South\public/../application/index\view\index\register.html [ array (
) ]
[ info ] [ LOG ] INIT File
---------------------------------------------------------------
[ 2019-06-28T09:00:48+08:00 ] 127.0.0.1 GET tp.com/south/public/index.php/captcha.html
[运行时间：0.055965s] [吞吐率：17.87req/s] [内存消耗：1,584.64kb] [文件加载：36]
[ info ] [ LANG ] D:\php\Apache24\htdocs\South\thinkphp\lang\zh-cn.php
[ info ] [ ROUTE ] array (
  'type' => 'method',
  'method' => 
  array (
    0 => '\\think\\captcha\\CaptchaController',
    1 => 'index',
  ),
  'var' => 
  array (
  ),
)
[ info ] [ HEADER ] array (
  'host' => 'tp.com',
  'connection' => 'keep-alive',
  'user-agent' => 'Mozilla/5.0 (Windows NT 10.0; Win64; x64) AppleWebKit/537.36 (KHTML, like Gecko) Chrome/75.0.3770.100 Safari/537.36',
  'accept' => 'image/webp,image/apng,image/*,*/*;q=0.8',
  'referer' => 'http://tp.com/south/public/index.php',
  'accept-encoding' => 'gzip, deflate',
  'accept-language' => 'zh-CN,zh;q=0.9',
  'cookie' => 'thinkphp_show_page_trace=0|0; PHPSESSID=4nv984dj8u9m0gpo0tm9ppevls',
)
[ info ] [ PARAM ] array (
  'id' => NULL,
)
[ info ] [ RUN ] think\captcha\CaptchaController->index[ D:\php\Apache24\htdocs\South\vendor\topthink\think-captcha\src\CaptchaController.php ]
[ info ] [ SESSION ] INIT array (
  'id' => '',
  'var_session_id' => '',
  'prefix' => 'think',
  'type' => '',
  'auto_start' => true,
)
[ info ] [ LOG ] INIT File
---------------------------------------------------------------
[ 2019-06-28T09:01:24+08:00 ] 127.0.0.1 GET tp.com/south/public/index.php
[运行时间：0.066454s] [吞吐率：15.05req/s] [内存消耗：2,162.76kb] [文件加载：50]
[ info ] [ LANG ] D:\php\Apache24\htdocs\South\thinkphp\lang\zh-cn.php
[ info ] [ ROUTE ] array (
  'type' => 'module',
  'module' => 
  array (
    0 => '',
    1 => NULL,
    2 => NULL,
  ),
)
[ info ] [ HEADER ] array (
  'host' => 'tp.com',
  'connection' => 'keep-alive',
  'cache-control' => 'max-age=0',
  'upgrade-insecure-requests' => '1',
  'user-agent' => 'Mozilla/5.0 (Windows NT 10.0; Win64; x64) AppleWebKit/537.36 (KHTML, like Gecko) Chrome/75.0.3770.100 Safari/537.36',
  'accept' => 'text/html,application/xhtml+xml,application/xml;q=0.9,image/webp,image/apng,*/*;q=0.8,application/signed-exchange;v=b3',
  'accept-encoding' => 'gzip, deflate',
  'accept-language' => 'zh-CN,zh;q=0.9',
  'cookie' => 'thinkphp_show_page_trace=0|0; PHPSESSID=4nv984dj8u9m0gpo0tm9ppevls',
)
[ info ] [ PARAM ] array (
)
[ info ] [ RUN ] app\index\controller\Index->index[ D:\php\Apache24\htdocs\South\application\index\controller\Index.php ]
[ info ] [ VIEW ] D:\php\Apache24\htdocs\South\public/../application/index\view\index\register.html [ array (
) ]
[ info ] [ LOG ] INIT File
---------------------------------------------------------------
[ 2019-06-28T09:01:24+08:00 ] 127.0.0.1 GET tp.com/south/public/index.php/captcha.html
[运行时间：0.173420s] [吞吐率：5.77req/s] [内存消耗：1,584.64kb] [文件加载：36]
[ info ] [ LANG ] D:\php\Apache24\htdocs\South\thinkphp\lang\zh-cn.php
[ info ] [ ROUTE ] array (
  'type' => 'method',
  'method' => 
  array (
    0 => '\\think\\captcha\\CaptchaController',
    1 => 'index',
  ),
  'var' => 
  array (
  ),
)
[ info ] [ HEADER ] array (
  'host' => 'tp.com',
  'connection' => 'keep-alive',
  'user-agent' => 'Mozilla/5.0 (Windows NT 10.0; Win64; x64) AppleWebKit/537.36 (KHTML, like Gecko) Chrome/75.0.3770.100 Safari/537.36',
  'accept' => 'image/webp,image/apng,image/*,*/*;q=0.8',
  'referer' => 'http://tp.com/south/public/index.php',
  'accept-encoding' => 'gzip, deflate',
  'accept-language' => 'zh-CN,zh;q=0.9',
  'cookie' => 'thinkphp_show_page_trace=0|0; PHPSESSID=4nv984dj8u9m0gpo0tm9ppevls',
)
[ info ] [ PARAM ] array (
  'id' => NULL,
)
[ info ] [ RUN ] think\captcha\CaptchaController->index[ D:\php\Apache24\htdocs\South\vendor\topthink\think-captcha\src\CaptchaController.php ]
[ info ] [ SESSION ] INIT array (
  'id' => '',
  'var_session_id' => '',
  'prefix' => 'think',
  'type' => '',
  'auto_start' => true,
)
[ info ] [ LOG ] INIT File
---------------------------------------------------------------
[ 2019-06-28T09:02:13+08:00 ] 127.0.0.1 GET tp.com/south/public/index.php/index/index/ucpaastest?yzmtel=15973566093
[运行时间：1.734991s] [吞吐率：0.58req/s] [内存消耗：1,961.09kb] [文件加载：47]
[ info ] [ LANG ] D:\php\Apache24\htdocs\South\thinkphp\lang\zh-cn.php
[ info ] [ ROUTE ] array (
  'type' => 'module',
  'module' => 
  array (
    0 => 'index',
    1 => 'index',
    2 => 'ucpaastest',
  ),
)
[ info ] [ HEADER ] array (
  'host' => 'tp.com',
  'connection' => 'keep-alive',
  'user-agent' => 'Mozilla/5.0 (Windows NT 10.0; Win64; x64) AppleWebKit/537.36 (KHTML, like Gecko) Chrome/75.0.3770.100 Safari/537.36',
  'accept' => '*/*',
  'referer' => 'http://tp.com/south/public/index.php',
  'accept-encoding' => 'gzip, deflate',
  'accept-language' => 'zh-CN,zh;q=0.9',
  'cookie' => 'thinkphp_show_page_trace=0|0; thinkphp_show_page_trace=0|0; PHPSESSID=4nv984dj8u9m0gpo0tm9ppevls',
)
[ info ] [ PARAM ] array (
  'yzmtel' => '15973566093',
)
[ info ] [ RUN ] app\index\controller\Index->ucpaastest[ D:\php\Apache24\htdocs\South\application\index\controller\Index.php ]
[ info ] [ SESSION ] INIT array (
  'id' => '',
  'var_session_id' => '',
  'prefix' => 'think',
  'type' => '',
  'auto_start' => true,
)
[ info ] [ LOG ] INIT File
[ log ] array (
  0 => 1,
  1 => 2,
  2 => 3,
)
[ log ] array (
  0 => 1,
  1 => 2,
)
[ log ] array (
  0 => 3,
  1 => 4,
)
[ log ] array (
  0 => 5,
  1 => 6,
)
[ log ] array (
  0 => 7,
  1 => 8,
)
[ log ] array (
  0 => 9,
  1 => 10,
)
---------------------------------------------------------------
[ 2019-06-28T09:02:42+08:00 ] 127.0.0.1 POST tp.com/south/public/index.php/index/index/login
[运行时间：0.080600s] [吞吐率：12.41req/s] [内存消耗：2,005.50kb] [文件加载：49]
[ info ] [ LANG ] D:\php\Apache24\htdocs\South\thinkphp\lang\zh-cn.php
[ info ] [ ROUTE ] array (
  'type' => 'module',
  'module' => 
  array (
    0 => 'index',
    1 => 'index',
    2 => 'login',
  ),
)
[ info ] [ HEADER ] array (
  'host' => 'tp.com',
  'connection' => 'keep-alive',
  'content-length' => '70',
  'cache-control' => 'max-age=0',
  'origin' => 'http://tp.com',
  'upgrade-insecure-requests' => '1',
  'content-type' => 'application/x-www-form-urlencoded',
  'user-agent' => 'Mozilla/5.0 (Windows NT 10.0; Win64; x64) AppleWebKit/537.36 (KHTML, like Gecko) Chrome/75.0.3770.100 Safari/537.36',
  'accept' => 'text/html,application/xhtml+xml,application/xml;q=0.9,image/webp,image/apng,*/*;q=0.8,application/signed-exchange;v=b3',
  'referer' => 'http://tp.com/south/public/index.php',
  'accept-encoding' => 'gzip, deflate',
  'accept-language' => 'zh-CN,zh;q=0.9',
  'cookie' => 'thinkphp_show_page_trace=0|0; thinkphp_show_page_trace=0|0; PHPSESSID=4nv984dj8u9m0gpo0tm9ppevls',
)
[ info ] [ PARAM ] array (
  'username' => 'admin',
  'userpass' => 'admin',
  'yzmtel' => '15973566093',
  'yzm' => '534908',
  'code' => 'YHVYS',
)
[ info ] [ RUN ] app\index\controller\Index->login[ D:\php\Apache24\htdocs\South\application\index\controller\Index.php ]
[ info ] [ SESSION ] INIT array (
  'id' => '',
  'var_session_id' => '',
  'prefix' => 'think',
  'type' => '',
  'auto_start' => true,
)
[ info ] [ VIEW ] D:\php\Apache24\htdocs\South\thinkphp\tpl\dispatch_jump.tpl [ array (
  0 => 'code',
  1 => 'msg',
  2 => 'data',
  3 => 'url',
  4 => 'wait',
) ]
[ info ] [ LOG ] INIT File
---------------------------------------------------------------
[ 2019-06-28T09:02:45+08:00 ] 127.0.0.1 GET tp.com/south/public/index.php
[运行时间：0.068231s] [吞吐率：14.66req/s] [内存消耗：2,001.20kb] [文件加载：48]
[ info ] [ LANG ] D:\php\Apache24\htdocs\South\thinkphp\lang\zh-cn.php
[ info ] [ ROUTE ] array (
  'type' => 'module',
  'module' => 
  array (
    0 => '',
    1 => NULL,
    2 => NULL,
  ),
)
[ info ] [ HEADER ] array (
  'host' => 'tp.com',
  'connection' => 'keep-alive',
  'upgrade-insecure-requests' => '1',
  'user-agent' => 'Mozilla/5.0 (Windows NT 10.0; Win64; x64) AppleWebKit/537.36 (KHTML, like Gecko) Chrome/75.0.3770.100 Safari/537.36',
  'accept' => 'text/html,application/xhtml+xml,application/xml;q=0.9,image/webp,image/apng,*/*;q=0.8,application/signed-exchange;v=b3',
  'referer' => 'http://tp.com/south/public/index.php/index/index/login',
  'accept-encoding' => 'gzip, deflate',
  'accept-language' => 'zh-CN,zh;q=0.9',
  'cookie' => 'thinkphp_show_page_trace=0|0; PHPSESSID=4nv984dj8u9m0gpo0tm9ppevls',
)
[ info ] [ PARAM ] array (
)
[ info ] [ RUN ] app\index\controller\Index->index[ D:\php\Apache24\htdocs\South\application\index\controller\Index.php ]
[ info ] [ VIEW ] D:\php\Apache24\htdocs\South\public/../application/index\view\index\register.html [ array (
) ]
[ info ] [ LOG ] INIT File
---------------------------------------------------------------
[ 2019-06-28T09:02:45+08:00 ] 127.0.0.1 GET tp.com/south/public/index.php/captcha.html
[运行时间：0.049384s] [吞吐率：20.25req/s] [内存消耗：1,584.52kb] [文件加载：36]
[ info ] [ LANG ] D:\php\Apache24\htdocs\South\thinkphp\lang\zh-cn.php
[ info ] [ ROUTE ] array (
  'type' => 'method',
  'method' => 
  array (
    0 => '\\think\\captcha\\CaptchaController',
    1 => 'index',
  ),
  'var' => 
  array (
  ),
)
[ info ] [ HEADER ] array (
  'host' => 'tp.com',
  'connection' => 'keep-alive',
  'user-agent' => 'Mozilla/5.0 (Windows NT 10.0; Win64; x64) AppleWebKit/537.36 (KHTML, like Gecko) Chrome/75.0.3770.100 Safari/537.36',
  'accept' => 'image/webp,image/apng,image/*,*/*;q=0.8',
  'referer' => 'http://tp.com/south/public/index.php',
  'accept-encoding' => 'gzip, deflate',
  'accept-language' => 'zh-CN,zh;q=0.9',
  'cookie' => 'thinkphp_show_page_trace=0|0; PHPSESSID=4nv984dj8u9m0gpo0tm9ppevls',
)
[ info ] [ PARAM ] array (
  'id' => NULL,
)
[ info ] [ RUN ] think\captcha\CaptchaController->index[ D:\php\Apache24\htdocs\South\vendor\topthink\think-captcha\src\CaptchaController.php ]
[ info ] [ SESSION ] INIT array (
  'id' => '',
  'var_session_id' => '',
  'prefix' => 'think',
  'type' => '',
  'auto_start' => true,
)
[ info ] [ LOG ] INIT File
---------------------------------------------------------------
[ 2019-06-28T09:03:20+08:00 ] 127.0.0.1 GET tp.com/south/public/index.php
[运行时间：0.084398s] [吞吐率：11.85req/s] [内存消耗：2,001.20kb] [文件加载：48]
[ info ] [ LANG ] D:\php\Apache24\htdocs\South\thinkphp\lang\zh-cn.php
[ info ] [ ROUTE ] array (
  'type' => 'module',
  'module' => 
  array (
    0 => '',
    1 => NULL,
    2 => NULL,
  ),
)
[ info ] [ HEADER ] array (
  'host' => 'tp.com',
  'connection' => 'keep-alive',
  'cache-control' => 'max-age=0',
  'upgrade-insecure-requests' => '1',
  'user-agent' => 'Mozilla/5.0 (Windows NT 10.0; Win64; x64) AppleWebKit/537.36 (KHTML, like Gecko) Chrome/75.0.3770.100 Safari/537.36',
  'accept' => 'text/html,application/xhtml+xml,application/xml;q=0.9,image/webp,image/apng,*/*;q=0.8,application/signed-exchange;v=b3',
  'referer' => 'http://tp.com/south/public/index.php/index/index/login',
  'accept-encoding' => 'gzip, deflate',
  'accept-language' => 'zh-CN,zh;q=0.9',
  'cookie' => 'thinkphp_show_page_trace=1|2; PHPSESSID=4nv984dj8u9m0gpo0tm9ppevls',
)
[ info ] [ PARAM ] array (
)
[ info ] [ RUN ] app\index\controller\Index->index[ D:\php\Apache24\htdocs\South\application\index\controller\Index.php ]
[ info ] [ VIEW ] D:\php\Apache24\htdocs\South\public/../application/index\view\index\register.html [ array (
) ]
[ info ] [ LOG ] INIT File
---------------------------------------------------------------
[ 2019-06-28T09:03:20+08:00 ] 127.0.0.1 GET tp.com/south/public/index.php/captcha.html
[运行时间：0.072247s] [吞吐率：13.84req/s] [内存消耗：1,584.64kb] [文件加载：36]
[ info ] [ LANG ] D:\php\Apache24\htdocs\South\thinkphp\lang\zh-cn.php
[ info ] [ ROUTE ] array (
  'type' => 'method',
  'method' => 
  array (
    0 => '\\think\\captcha\\CaptchaController',
    1 => 'index',
  ),
  'var' => 
  array (
  ),
)
[ info ] [ HEADER ] array (
  'host' => 'tp.com',
  'connection' => 'keep-alive',
  'user-agent' => 'Mozilla/5.0 (Windows NT 10.0; Win64; x64) AppleWebKit/537.36 (KHTML, like Gecko) Chrome/75.0.3770.100 Safari/537.36',
  'accept' => 'image/webp,image/apng,image/*,*/*;q=0.8',
  'referer' => 'http://tp.com/south/public/index.php',
  'accept-encoding' => 'gzip, deflate',
  'accept-language' => 'zh-CN,zh;q=0.9',
  'cookie' => 'thinkphp_show_page_trace=1|2; PHPSESSID=4nv984dj8u9m0gpo0tm9ppevls',
)
[ info ] [ PARAM ] array (
  'id' => NULL,
)
[ info ] [ RUN ] think\captcha\CaptchaController->index[ D:\php\Apache24\htdocs\South\vendor\topthink\think-captcha\src\CaptchaController.php ]
[ info ] [ SESSION ] INIT array (
  'id' => '',
  'var_session_id' => '',
  'prefix' => 'think',
  'type' => '',
  'auto_start' => true,
)
[ info ] [ LOG ] INIT File
---------------------------------------------------------------
[ 2019-06-28T09:03:40+08:00 ] 127.0.0.1 GET tp.com/south/public/index.php
[运行时间：0.074022s] [吞吐率：13.51req/s] [内存消耗：2,163.09kb] [文件加载：50]
[ info ] [ LANG ] D:\php\Apache24\htdocs\South\thinkphp\lang\zh-cn.php
[ info ] [ ROUTE ] array (
  'type' => 'module',
  'module' => 
  array (
    0 => '',
    1 => NULL,
    2 => NULL,
  ),
)
[ info ] [ HEADER ] array (
  'host' => 'tp.com',
  'connection' => 'keep-alive',
  'cache-control' => 'max-age=0',
  'upgrade-insecure-requests' => '1',
  'user-agent' => 'Mozilla/5.0 (Windows NT 10.0; Win64; x64) AppleWebKit/537.36 (KHTML, like Gecko) Chrome/75.0.3770.100 Safari/537.36',
  'accept' => 'text/html,application/xhtml+xml,application/xml;q=0.9,image/webp,image/apng,*/*;q=0.8,application/signed-exchange;v=b3',
  'referer' => 'http://tp.com/south/public/index.php/index/index/login',
  'accept-encoding' => 'gzip, deflate',
  'accept-language' => 'zh-CN,zh;q=0.9',
  'cookie' => 'thinkphp_show_page_trace=1|2; PHPSESSID=4nv984dj8u9m0gpo0tm9ppevls',
)
[ info ] [ PARAM ] array (
)
[ info ] [ RUN ] app\index\controller\Index->index[ D:\php\Apache24\htdocs\South\application\index\controller\Index.php ]
[ info ] [ VIEW ] D:\php\Apache24\htdocs\South\public/../application/index\view\index\register.html [ array (
) ]
[ info ] [ LOG ] INIT File
---------------------------------------------------------------
[ 2019-06-28T09:03:40+08:00 ] 127.0.0.1 GET tp.com/south/public/index.php/captcha.html
[运行时间：0.052283s] [吞吐率：19.13req/s] [内存消耗：1,584.64kb] [文件加载：36]
[ info ] [ LANG ] D:\php\Apache24\htdocs\South\thinkphp\lang\zh-cn.php
[ info ] [ ROUTE ] array (
  'type' => 'method',
  'method' => 
  array (
    0 => '\\think\\captcha\\CaptchaController',
    1 => 'index',
  ),
  'var' => 
  array (
  ),
)
[ info ] [ HEADER ] array (
  'host' => 'tp.com',
  'connection' => 'keep-alive',
  'user-agent' => 'Mozilla/5.0 (Windows NT 10.0; Win64; x64) AppleWebKit/537.36 (KHTML, like Gecko) Chrome/75.0.3770.100 Safari/537.36',
  'accept' => 'image/webp,image/apng,image/*,*/*;q=0.8',
  'referer' => 'http://tp.com/south/public/index.php',
  'accept-encoding' => 'gzip, deflate',
  'accept-language' => 'zh-CN,zh;q=0.9',
  'cookie' => 'thinkphp_show_page_trace=1|2; PHPSESSID=4nv984dj8u9m0gpo0tm9ppevls',
)
[ info ] [ PARAM ] array (
  'id' => NULL,
)
[ info ] [ RUN ] think\captcha\CaptchaController->index[ D:\php\Apache24\htdocs\South\vendor\topthink\think-captcha\src\CaptchaController.php ]
[ info ] [ SESSION ] INIT array (
  'id' => '',
  'var_session_id' => '',
  'prefix' => 'think',
  'type' => '',
  'auto_start' => true,
)
[ info ] [ LOG ] INIT File
---------------------------------------------------------------
[ 2019-06-28T09:03:48+08:00 ] 127.0.0.1 GET tp.com/south/public/index.php/index/index/ucpaastest?yzmtel=15973566093
[运行时间：0.692797s] [吞吐率：1.44req/s] [内存消耗：1,960.84kb] [文件加载：47]
[ info ] [ LANG ] D:\php\Apache24\htdocs\South\thinkphp\lang\zh-cn.php
[ info ] [ ROUTE ] array (
  'type' => 'module',
  'module' => 
  array (
    0 => 'index',
    1 => 'index',
    2 => 'ucpaastest',
  ),
)
[ info ] [ HEADER ] array (
  'host' => 'tp.com',
  'connection' => 'keep-alive',
  'user-agent' => 'Mozilla/5.0 (Windows NT 10.0; Win64; x64) AppleWebKit/537.36 (KHTML, like Gecko) Chrome/75.0.3770.100 Safari/537.36',
  'accept' => '*/*',
  'referer' => 'http://tp.com/south/public/index.php',
  'accept-encoding' => 'gzip, deflate',
  'accept-language' => 'zh-CN,zh;q=0.9',
  'cookie' => 'thinkphp_show_page_trace=0|0; thinkphp_show_page_trace=1|2; PHPSESSID=4nv984dj8u9m0gpo0tm9ppevls',
)
[ info ] [ PARAM ] array (
  'yzmtel' => '15973566093',
)
[ info ] [ RUN ] app\index\controller\Index->ucpaastest[ D:\php\Apache24\htdocs\South\application\index\controller\Index.php ]
[ info ] [ SESSION ] INIT array (
  'id' => '',
  'var_session_id' => '',
  'prefix' => 'think',
  'type' => '',
  'auto_start' => true,
)
[ info ] [ LOG ] INIT File
[ log ] array (
  0 => 1,
  1 => 2,
  2 => 3,
)
[ log ] array (
  0 => 1,
  1 => 2,
)
[ log ] array (
  0 => 3,
  1 => 4,
)
[ log ] array (
  0 => 5,
  1 => 6,
)
[ log ] array (
  0 => 7,
  1 => 8,
)
[ log ] array (
  0 => 9,
  1 => 10,
)
---------------------------------------------------------------
[ 2019-06-28T09:04:13+08:00 ] 127.0.0.1 POST tp.com/south/public/index.php/index/index/login
[运行时间：0.061021s] [吞吐率：16.39req/s] [内存消耗：2,005.24kb] [文件加载：49]
[ info ] [ LANG ] D:\php\Apache24\htdocs\South\thinkphp\lang\zh-cn.php
[ info ] [ ROUTE ] array (
  'type' => 'module',
  'module' => 
  array (
    0 => 'index',
    1 => 'index',
    2 => 'login',
  ),
)
[ info ] [ HEADER ] array (
  'host' => 'tp.com',
  'connection' => 'keep-alive',
  'content-length' => '70',
  'cache-control' => 'max-age=0',
  'origin' => 'http://tp.com',
  'upgrade-insecure-requests' => '1',
  'content-type' => 'application/x-www-form-urlencoded',
  'user-agent' => 'Mozilla/5.0 (Windows NT 10.0; Win64; x64) AppleWebKit/537.36 (KHTML, like Gecko) Chrome/75.0.3770.100 Safari/537.36',
  'accept' => 'text/html,application/xhtml+xml,application/xml;q=0.9,image/webp,image/apng,*/*;q=0.8,application/signed-exchange;v=b3',
  'referer' => 'http://tp.com/south/public/index.php',
  'accept-encoding' => 'gzip, deflate',
  'accept-language' => 'zh-CN,zh;q=0.9',
  'cookie' => 'thinkphp_show_page_trace=0|0; thinkphp_show_page_trace=1|2; PHPSESSID=4nv984dj8u9m0gpo0tm9ppevls',
)
[ info ] [ PARAM ] array (
  'username' => 'admin',
  'userpass' => 'admin',
  'yzmtel' => '15973566093',
  'yzm' => '126940',
  'code' => 'n2BVu',
)
[ info ] [ RUN ] app\index\controller\Index->login[ D:\php\Apache24\htdocs\South\application\index\controller\Index.php ]
[ info ] [ SESSION ] INIT array (
  'id' => '',
  'var_session_id' => '',
  'prefix' => 'think',
  'type' => '',
  'auto_start' => true,
)
[ info ] [ VIEW ] D:\php\Apache24\htdocs\South\thinkphp\tpl\dispatch_jump.tpl [ array (
  0 => 'code',
  1 => 'msg',
  2 => 'data',
  3 => 'url',
  4 => 'wait',
) ]
[ info ] [ LOG ] INIT File
---------------------------------------------------------------
[ 2019-06-28T09:04:16+08:00 ] 127.0.0.1 GET tp.com/south/public/index.php
[运行时间：0.059127s] [吞吐率：16.91req/s] [内存消耗：2,000.95kb] [文件加载：48]
[ info ] [ LANG ] D:\php\Apache24\htdocs\South\thinkphp\lang\zh-cn.php
[ info ] [ ROUTE ] array (
  'type' => 'module',
  'module' => 
  array (
    0 => '',
    1 => NULL,
    2 => NULL,
  ),
)
[ info ] [ HEADER ] array (
  'host' => 'tp.com',
  'connection' => 'keep-alive',
  'upgrade-insecure-requests' => '1',
  'user-agent' => 'Mozilla/5.0 (Windows NT 10.0; Win64; x64) AppleWebKit/537.36 (KHTML, like Gecko) Chrome/75.0.3770.100 Safari/537.36',
  'accept' => 'text/html,application/xhtml+xml,application/xml;q=0.9,image/webp,image/apng,*/*;q=0.8,application/signed-exchange;v=b3',
  'referer' => 'http://tp.com/south/public/index.php/index/index/login',
  'accept-encoding' => 'gzip, deflate',
  'accept-language' => 'zh-CN,zh;q=0.9',
  'cookie' => 'thinkphp_show_page_trace=1|2; PHPSESSID=4nv984dj8u9m0gpo0tm9ppevls',
)
[ info ] [ PARAM ] array (
)
[ info ] [ RUN ] app\index\controller\Index->index[ D:\php\Apache24\htdocs\South\application\index\controller\Index.php ]
[ info ] [ VIEW ] D:\php\Apache24\htdocs\South\public/../application/index\view\index\register.html [ array (
) ]
[ info ] [ LOG ] INIT File
---------------------------------------------------------------
[ 2019-06-28T09:04:16+08:00 ] 127.0.0.1 GET tp.com/south/public/index.php/captcha.html
[运行时间：0.049859s] [吞吐率：20.06req/s] [内存消耗：1,584.52kb] [文件加载：36]
[ info ] [ LANG ] D:\php\Apache24\htdocs\South\thinkphp\lang\zh-cn.php
[ info ] [ ROUTE ] array (
  'type' => 'method',
  'method' => 
  array (
    0 => '\\think\\captcha\\CaptchaController',
    1 => 'index',
  ),
  'var' => 
  array (
  ),
)
[ info ] [ HEADER ] array (
  'host' => 'tp.com',
  'connection' => 'keep-alive',
  'user-agent' => 'Mozilla/5.0 (Windows NT 10.0; Win64; x64) AppleWebKit/537.36 (KHTML, like Gecko) Chrome/75.0.3770.100 Safari/537.36',
  'accept' => 'image/webp,image/apng,image/*,*/*;q=0.8',
  'referer' => 'http://tp.com/south/public/index.php',
  'accept-encoding' => 'gzip, deflate',
  'accept-language' => 'zh-CN,zh;q=0.9',
  'cookie' => 'thinkphp_show_page_trace=1|2; PHPSESSID=4nv984dj8u9m0gpo0tm9ppevls',
)
[ info ] [ PARAM ] array (
  'id' => NULL,
)
[ info ] [ RUN ] think\captcha\CaptchaController->index[ D:\php\Apache24\htdocs\South\vendor\topthink\think-captcha\src\CaptchaController.php ]
[ info ] [ SESSION ] INIT array (
  'id' => '',
  'var_session_id' => '',
  'prefix' => 'think',
  'type' => '',
  'auto_start' => true,
)
[ info ] [ LOG ] INIT File
---------------------------------------------------------------
[ 2019-06-28T09:04:35+08:00 ] 127.0.0.1 GET tp.com/south/public/index.php
[运行时间：0.065177s] [吞吐率：15.34req/s] [内存消耗：2,001.20kb] [文件加载：48]
[ info ] [ LANG ] D:\php\Apache24\htdocs\South\thinkphp\lang\zh-cn.php
[ info ] [ ROUTE ] array (
  'type' => 'module',
  'module' => 
  array (
    0 => '',
    1 => NULL,
    2 => NULL,
  ),
)
[ info ] [ HEADER ] array (
  'host' => 'tp.com',
  'connection' => 'keep-alive',
  'cache-control' => 'max-age=0',
  'upgrade-insecure-requests' => '1',
  'user-agent' => 'Mozilla/5.0 (Windows NT 10.0; Win64; x64) AppleWebKit/537.36 (KHTML, like Gecko) Chrome/75.0.3770.100 Safari/537.36',
  'accept' => 'text/html,application/xhtml+xml,application/xml;q=0.9,image/webp,image/apng,*/*;q=0.8,application/signed-exchange;v=b3',
  'referer' => 'http://tp.com/south/public/index.php/index/index/login',
  'accept-encoding' => 'gzip, deflate',
  'accept-language' => 'zh-CN,zh;q=0.9',
  'cookie' => 'thinkphp_show_page_trace=1|5; PHPSESSID=4nv984dj8u9m0gpo0tm9ppevls',
)
[ info ] [ PARAM ] array (
)
[ info ] [ RUN ] app\index\controller\Index->index[ D:\php\Apache24\htdocs\South\application\index\controller\Index.php ]
[ info ] [ VIEW ] D:\php\Apache24\htdocs\South\public/../application/index\view\index\register.html [ array (
) ]
[ info ] [ LOG ] INIT File
---------------------------------------------------------------
[ 2019-06-28T09:04:35+08:00 ] 127.0.0.1 GET tp.com/south/public/index.php/captcha.html
[运行时间：0.069446s] [吞吐率：14.40req/s] [内存消耗：1,584.64kb] [文件加载：36]
[ info ] [ LANG ] D:\php\Apache24\htdocs\South\thinkphp\lang\zh-cn.php
[ info ] [ ROUTE ] array (
  'type' => 'method',
  'method' => 
  array (
    0 => '\\think\\captcha\\CaptchaController',
    1 => 'index',
  ),
  'var' => 
  array (
  ),
)
[ info ] [ HEADER ] array (
  'host' => 'tp.com',
  'connection' => 'keep-alive',
  'user-agent' => 'Mozilla/5.0 (Windows NT 10.0; Win64; x64) AppleWebKit/537.36 (KHTML, like Gecko) Chrome/75.0.3770.100 Safari/537.36',
  'accept' => 'image/webp,image/apng,image/*,*/*;q=0.8',
  'referer' => 'http://tp.com/south/public/index.php',
  'accept-encoding' => 'gzip, deflate',
  'accept-language' => 'zh-CN,zh;q=0.9',
  'cookie' => 'thinkphp_show_page_trace=1|5; PHPSESSID=4nv984dj8u9m0gpo0tm9ppevls',
)
[ info ] [ PARAM ] array (
  'id' => NULL,
)
[ info ] [ RUN ] think\captcha\CaptchaController->index[ D:\php\Apache24\htdocs\South\vendor\topthink\think-captcha\src\CaptchaController.php ]
[ info ] [ SESSION ] INIT array (
  'id' => '',
  'var_session_id' => '',
  'prefix' => 'think',
  'type' => '',
  'auto_start' => true,
)
[ info ] [ LOG ] INIT File
---------------------------------------------------------------
[ 2019-06-28T09:04:36+08:00 ] 127.0.0.1 GET tp.com/south/public/index.php
[运行时间：0.070442s] [吞吐率：14.20req/s] [内存消耗：2,001.20kb] [文件加载：48]
[ info ] [ LANG ] D:\php\Apache24\htdocs\South\thinkphp\lang\zh-cn.php
[ info ] [ ROUTE ] array (
  'type' => 'module',
  'module' => 
  array (
    0 => '',
    1 => NULL,
    2 => NULL,
  ),
)
[ info ] [ HEADER ] array (
  'host' => 'tp.com',
  'connection' => 'keep-alive',
  'cache-control' => 'max-age=0',
  'upgrade-insecure-requests' => '1',
  'user-agent' => 'Mozilla/5.0 (Windows NT 10.0; Win64; x64) AppleWebKit/537.36 (KHTML, like Gecko) Chrome/75.0.3770.100 Safari/537.36',
  'accept' => 'text/html,application/xhtml+xml,application/xml;q=0.9,image/webp,image/apng,*/*;q=0.8,application/signed-exchange;v=b3',
  'referer' => 'http://tp.com/south/public/index.php/index/index/login',
  'accept-encoding' => 'gzip, deflate',
  'accept-language' => 'zh-CN,zh;q=0.9',
  'cookie' => 'thinkphp_show_page_trace=1|5; PHPSESSID=4nv984dj8u9m0gpo0tm9ppevls',
)
[ info ] [ PARAM ] array (
)
[ info ] [ RUN ] app\index\controller\Index->index[ D:\php\Apache24\htdocs\South\application\index\controller\Index.php ]
[ info ] [ VIEW ] D:\php\Apache24\htdocs\South\public/../application/index\view\index\register.html [ array (
) ]
[ info ] [ LOG ] INIT File
---------------------------------------------------------------
[ 2019-06-28T09:04:36+08:00 ] 127.0.0.1 GET tp.com/south/public/index.php/captcha.html
[运行时间：0.049645s] [吞吐率：20.14req/s] [内存消耗：1,584.64kb] [文件加载：36]
[ info ] [ LANG ] D:\php\Apache24\htdocs\South\thinkphp\lang\zh-cn.php
[ info ] [ ROUTE ] array (
  'type' => 'method',
  'method' => 
  array (
    0 => '\\think\\captcha\\CaptchaController',
    1 => 'index',
  ),
  'var' => 
  array (
  ),
)
[ info ] [ HEADER ] array (
  'host' => 'tp.com',
  'connection' => 'keep-alive',
  'user-agent' => 'Mozilla/5.0 (Windows NT 10.0; Win64; x64) AppleWebKit/537.36 (KHTML, like Gecko) Chrome/75.0.3770.100 Safari/537.36',
  'accept' => 'image/webp,image/apng,image/*,*/*;q=0.8',
  'referer' => 'http://tp.com/south/public/index.php',
  'accept-encoding' => 'gzip, deflate',
  'accept-language' => 'zh-CN,zh;q=0.9',
  'cookie' => 'thinkphp_show_page_trace=1|5; PHPSESSID=4nv984dj8u9m0gpo0tm9ppevls',
)
[ info ] [ PARAM ] array (
  'id' => NULL,
)
[ info ] [ RUN ] think\captcha\CaptchaController->index[ D:\php\Apache24\htdocs\South\vendor\topthink\think-captcha\src\CaptchaController.php ]
[ info ] [ SESSION ] INIT array (
  'id' => '',
  'var_session_id' => '',
  'prefix' => 'think',
  'type' => '',
  'auto_start' => true,
)
[ info ] [ LOG ] INIT File
---------------------------------------------------------------
[ 2019-06-28T09:04:36+08:00 ] 127.0.0.1 GET tp.com/south/public/index.php
[运行时间：0.060191s] [吞吐率：16.61req/s] [内存消耗：2,001.20kb] [文件加载：48]
[ info ] [ LANG ] D:\php\Apache24\htdocs\South\thinkphp\lang\zh-cn.php
[ info ] [ ROUTE ] array (
  'type' => 'module',
  'module' => 
  array (
    0 => '',
    1 => NULL,
    2 => NULL,
  ),
)
[ info ] [ HEADER ] array (
  'host' => 'tp.com',
  'connection' => 'keep-alive',
  'cache-control' => 'max-age=0',
  'upgrade-insecure-requests' => '1',
  'user-agent' => 'Mozilla/5.0 (Windows NT 10.0; Win64; x64) AppleWebKit/537.36 (KHTML, like Gecko) Chrome/75.0.3770.100 Safari/537.36',
  'accept' => 'text/html,application/xhtml+xml,application/xml;q=0.9,image/webp,image/apng,*/*;q=0.8,application/signed-exchange;v=b3',
  'referer' => 'http://tp.com/south/public/index.php/index/index/login',
  'accept-encoding' => 'gzip, deflate',
  'accept-language' => 'zh-CN,zh;q=0.9',
  'cookie' => 'thinkphp_show_page_trace=1|5; PHPSESSID=4nv984dj8u9m0gpo0tm9ppevls',
)
[ info ] [ PARAM ] array (
)
[ info ] [ RUN ] app\index\controller\Index->index[ D:\php\Apache24\htdocs\South\application\index\controller\Index.php ]
[ info ] [ VIEW ] D:\php\Apache24\htdocs\South\public/../application/index\view\index\register.html [ array (
) ]
[ info ] [ LOG ] INIT File
---------------------------------------------------------------
[ 2019-06-28T09:04:37+08:00 ] 127.0.0.1 GET tp.com/south/public/index.php/captcha.html
[运行时间：0.049895s] [吞吐率：20.04req/s] [内存消耗：1,584.64kb] [文件加载：36]
[ info ] [ LANG ] D:\php\Apache24\htdocs\South\thinkphp\lang\zh-cn.php
[ info ] [ ROUTE ] array (
  'type' => 'method',
  'method' => 
  array (
    0 => '\\think\\captcha\\CaptchaController',
    1 => 'index',
  ),
  'var' => 
  array (
  ),
)
[ info ] [ HEADER ] array (
  'host' => 'tp.com',
  'connection' => 'keep-alive',
  'user-agent' => 'Mozilla/5.0 (Windows NT 10.0; Win64; x64) AppleWebKit/537.36 (KHTML, like Gecko) Chrome/75.0.3770.100 Safari/537.36',
  'accept' => 'image/webp,image/apng,image/*,*/*;q=0.8',
  'referer' => 'http://tp.com/south/public/index.php',
  'accept-encoding' => 'gzip, deflate',
  'accept-language' => 'zh-CN,zh;q=0.9',
  'cookie' => 'thinkphp_show_page_trace=1|5; PHPSESSID=4nv984dj8u9m0gpo0tm9ppevls',
)
[ info ] [ PARAM ] array (
  'id' => NULL,
)
[ info ] [ RUN ] think\captcha\CaptchaController->index[ D:\php\Apache24\htdocs\South\vendor\topthink\think-captcha\src\CaptchaController.php ]
[ info ] [ SESSION ] INIT array (
  'id' => '',
  'var_session_id' => '',
  'prefix' => 'think',
  'type' => '',
  'auto_start' => true,
)
[ info ] [ LOG ] INIT File
